[   72936ms] [WARNING] The resource https://locall.host/wp-content/plugins/easy-table-of-contents/assets/js/front.min.js?ver=2.0.80-1767189560 was preloaded using link preload but not used within a few seconds from the window's load event. Please make sure it has an appropriate `as` value and it is preloaded intentionally. @ https://locall.host/3000/:0
[   72936ms] [WARNING] The resource https://clickiocmp.com/t/consent_235194.js was preloaded using link preload but not used within a few seconds from the window's load event. Please make sure it has an appropriate `as` value and it is preloaded intentionally. @ https://locall.host/3000/:0
[   72936ms] [WARNING] The resource https://locall.host/wp-content/plugins/perfmatters/js/analytics-minimal-v4.js was preloaded using link preload but not used within a few seconds from the window's load event. Please make sure it has an appropriate `as` value and it is preloaded intentionally. @ https://locall.host/3000/:0
[   72936ms] [WARNING] The resource https://locall.host/wp-content/plugins/highlighting-code-block/build/js/hcb_script.js?ver=2.0.1 was preloaded using link preload but not used within a few seconds from the window's load event. Please make sure it has an appropriate `as` value and it is preloaded intentionally. @ https://locall.host/3000/:0
[   72937ms] [WARNING] The resource https://locall.host/wp-content/plugins/easy-table-of-contents/vendor/js-cookie/js.cookie.min.js?ver=2.2.1 was preloaded using link preload but not used within a few seconds from the window's load event. Please make sure it has an appropriate `as` value and it is preloaded intentionally. @ https://locall.host/3000/:0
[   72939ms] [WARNING] The resource https://locall.host/wp-includes/js/clipboard.min.js?ver=2.0.11 was preloaded using link preload but not used within a few seconds from the window's load event. Please make sure it has an appropriate `as` value and it is preloaded intentionally. @ https://locall.host/3000/:0
[   72940ms] [WARNING] The resource https://locall.host/wp-content/plugins/advanced-responsive-video-embedder/build/main.js?ver=10.8.2 was preloaded using link preload but not used within a few seconds from the window's load event. Please make sure it has an appropriate `as` value and it is preloaded intentionally. @ https://locall.host/3000/:0
[   72940ms] [WARNING] The resource https://locall.host/wp-content/plugins/easy-table-of-contents/assets/js/smooth_scroll.min.js?ver=2.0.80 was preloaded using link preload but not used within a few seconds from the window's load event. Please make sure it has an appropriate `as` value and it is preloaded intentionally. @ https://locall.host/3000/:0
[   72941ms] [WARNING] The resource https://locall.host/wp-content/uploads/astra-addon/astra-addon-6984c3c09a7af3-43143437.js?ver=4.12.2 was preloaded using link preload but not used within a few seconds from the window's load event. Please make sure it has an appropriate `as` value and it is preloaded intentionally. @ https://locall.host/3000/:0
[   72941ms] [WARNING] The resource https://fundingchoicesmessages.google.com/i/pub-6934983186106686?ers=1 was preloaded using link preload but not used within a few seconds from the window's load event. Please make sure it has an appropriate `as` value and it is preloaded intentionally. @ https://locall.host/3000/:0
[   72941ms] [WARNING] The resource https://locall.host/wp-content/plugins/easy-table-of-contents/vendor/sticky-kit/jquery.sticky-kit.min.js?ver=1.9.2 was preloaded using link preload but not used within a few seconds from the window's load event. Please make sure it has an appropriate `as` value and it is preloaded intentionally. @ https://locall.host/3000/:0
[   72942ms] [WARNING] The resource https://locall.host/wp-content/plugins/highlighting-code-block/assets/js/prism.js?ver=2.0.1 was preloaded using link preload but not used within a few seconds from the window's load event. Please make sure it has an appropriate `as` value and it is preloaded intentionally. @ https://locall.host/3000/:0
[   72942ms] [WARNING] The resource https://locall.host/wp-content/plugins/astra-addon/assets/js/minified/purify.min.js?ver=4.12.2 was preloaded using link preload but not used within a few seconds from the window's load event. Please make sure it has an appropriate `as` value and it is preloaded intentionally. @ https://locall.host/3000/:0
[   72942ms] [WARNING] The resource https://locall.host/wp-content/plugins/astra-addon/addons/blog-pro/assets/js/minified/single-autopost-infinite.min.js?ver=4.12.2 was preloaded using link preload but not used within a few seconds from the window's load event. Please make sure it has an appropriate `as` value and it is preloaded intentionally. @ https://locall.host/3000/:0
[   73920ms] [ERROR] Attestation check for Shared Storage on https://www.googleadservices.com failed. @ https://www.googleadservices.com/pagead/managed/js/activeview/current/reach_worklet.html:0
[   73953ms] [ERROR] Attestation check for Shared Storage on https://www.googleadservices.com failed. @ https://www.googleadservices.com/pagead/managed/js/activeview/current/reach_worklet.html:0
[   74015ms] [ERROR] Attestation check for Shared Storage on https://www.googleadservices.com failed. @ https://www.googleadservices.com/pagead/managed/js/activeview/current/reach_worklet.html:0
[   73920ms] [ERROR] Attestation check for Shared Storage on https://www.googleadservices.com failed. @ https://www.googleadservices.com/pagead/managed/js/activeview/current/reach_worklet.html:0
[   73953ms] [ERROR] Attestation check for Shared Storage on https://www.googleadservices.com failed. @ https://www.googleadservices.com/pagead/managed/js/activeview/current/reach_worklet.html:0
[   74015ms] [ERROR] Attestation check for Shared Storage on https://www.googleadservices.com failed. @ https://www.googleadservices.com/pagead/managed/js/activeview/current/reach_worklet.html:0
[   73920ms] [ERROR] Attestation check for Shared Storage on https://www.googleadservices.com failed. @ https://www.googleadservices.com/pagead/managed/js/activeview/current/reach_worklet.html:0
[   73953ms] [ERROR] Attestation check for Shared Storage on https://www.googleadservices.com failed. @ https://www.googleadservices.com/pagead/managed/js/activeview/current/reach_worklet.html:0
[   74015ms] [ERROR] Attestation check for Shared Storage on https://www.googleadservices.com failed. @ https://www.googleadservices.com/pagead/managed/js/activeview/current/reach_worklet.html:0
[   74550ms] [ERROR] Failed to load resource: the server responded with a status of 400 () @ https://cksync.yahoo.co.jp/sspsync?ptr=12703&google_gid=CAESEH5zlLV2WrC3W4nTwfHq73I&google_cver=1&google_push=AXcoOmT0zl4mI8wN6z57JPYWHu4Sqfku6p3j1DR9uO82ObKq23shlu7owWOgzRSwhhfouDz4jmz3Oxj-Q0HVurNeIAKMq8Jc8u5ExK29vBXi83Y94PTQhNAi3t4Kbeubz7OnXs7LetZ93FEsAxsXdZvAh9PWhyQ:0
[   74550ms] [ERROR] Failed to load resource: the server responded with a status of 400 () @ https://cksync.yahoo.co.jp/sspsync?ptr=12703&google_gid=CAESEH5zlLV2WrC3W4nTwfHq73I&google_cver=1&google_push=AXcoOmT0zl4mI8wN6z57JPYWHu4Sqfku6p3j1DR9uO82ObKq23shlu7owWOgzRSwhhfouDz4jmz3Oxj-Q0HVurNeIAKMq8Jc8u5ExK29vBXi83Y94PTQhNAi3t4Kbeubz7OnXs7LetZ93FEsAxsXdZvAh9PWhyQ:0
[   75025ms] [ERROR] Attestation check for Shared Storage on https://www.googleadservices.com failed. @ https://www.googleadservices.com/pagead/managed/js/activeview/current/reach_worklet.html:0
[   75038ms] [ERROR] Attestation check for Shared Storage on https://www.googleadservices.com failed. @ https://www.googleadservices.com/pagead/managed/js/activeview/current/reach_worklet.html:0
[   75397ms] [ERROR] Access to fetch at 'https://ad.doubleclick.net/ddm/trackimp/N5295.134426.GOOGLEDISPLAYNETWOR/B32955463.427739719;dc_pre=CPnDjsX6y5IDFWNBwwYdWVQTEA;dc_trk_aid=621078967;dc_trk_cid=232420335;ord=3146025629;dc_lat=;dc_rdid=;tag_for_child_directed_treatment=;tfua=;gdpr=;gdpr_consent=;ltd=;dc_tdv=1;dc_ctype=1?nis=6' (redirected from 'https://ad.doubleclick.net/ddm/trackimp/N5295.134426.GOOGLEDISPLAYNETWOR/B32955463.427739719;dc_trk_aid=621078967;dc_trk_cid=232420335;ord=3146025629;dc_lat=;dc_rdid=;tag_for_child_directed_treatment=;tfua=;gdpr=;gdpr_consent=;ltd=;dc_tdv=1;dc_ctype=1?nis=6') from origin 'https://googleads.g.doubleclick.net' has been blocked by CORS policy: No 'Access-Control-Allow-Origin' header is present on the requested resource. @ https://googleads.g.doubleclick.net/pagead/html/r20260204/r20190131/zrt_lookup_fy2021.html#RS-1-&adk=1314090033&client=ca-pub-6934983186106686&fa=3&ifi=11&uci=a!b&btvi=3:0
[   75398ms] [ERROR] Failed to load resource: net::ERR_FAILED @ https://ad.doubleclick.net/ddm/trackimp/N5295.134426.GOOGLEDISPLAYNETWOR/B32955463.427739719;dc_pre=CPnDjsX6y5IDFWNBwwYdWVQTEA;dc_trk_aid=621078967;dc_trk_cid=232420335;ord=3146025629;dc_lat=;dc_rdid=;tag_for_child_directed_treatment=;tfua=;gdpr=;gdpr_consent=;ltd=;dc_tdv=1;dc_ctype=1?nis=6:0
[   73920ms] [ERROR] Attestation check for Shared Storage on https://www.googleadservices.com failed. @ https://www.googleadservices.com/pagead/managed/js/activeview/current/reach_worklet.html:0
[   73953ms] [ERROR] Attestation check for Shared Storage on https://www.googleadservices.com failed. @ https://www.googleadservices.com/pagead/managed/js/activeview/current/reach_worklet.html:0
[   74015ms] [ERROR] Attestation check for Shared Storage on https://www.googleadservices.com failed. @ https://www.googleadservices.com/pagead/managed/js/activeview/current/reach_worklet.html:0
[   75025ms] [ERROR] Attestation check for Shared Storage on https://www.googleadservices.com failed. @ https://www.googleadservices.com/pagead/managed/js/activeview/current/reach_worklet.html:0
[   75038ms] [ERROR] Attestation check for Shared Storage on https://www.googleadservices.com failed. @ https://www.googleadservices.com/pagead/managed/js/activeview/current/reach_worklet.html:0
[   75429ms] TypeError: Failed to fetch
    at ab (https://googleads.g.doubleclick.net/pagead/html/r20260204/r20190131/zrt_lookup_fy2021.html:20:-113338)
    at Fc (https://googleads.g.doubleclick.net/pagead/html/r20260204/r20190131/zrt_lookup_fy2021.html:20:-99596)
    at https://googleads.g.doubleclick.net/pagead/html/r20260204/r20190131/zrt_lookup_fy2021.html:20:-99258
    at https://googleads.g.doubleclick.net/pagead/html/r20260204/r20190131/zrt_lookup_fy2021.html:20:-103581
    at $b (https://googleads.g.doubleclick.net/pagead/html/r20260204/r20190131/zrt_lookup_fy2021.html:20:-103701)
    at Zb (https://googleads.g.doubleclick.net/pagead/html/r20260204/r20190131/zrt_lookup_fy2021.html:20:-103743)
    at https://googleads.g.doubleclick.net/pagead/html/r20260204/r20190131/zrt_lookup_fy2021.html:20:-103633
    at https://googleads.g.doubleclick.net/pagead/html/r20260204/r20190131/zrt_lookup_fy2021.html:20:-103923
    at https://googleads.g.doubleclick.net/pagead/html/r20260204/r20190131/zrt_lookup_fy2021.html:20:-103581
    at $b (https://googleads.g.doubleclick.net/pagead/html/r20260204/r20190131/zrt_lookup_fy2021.html:20:-103701)
[   75699ms] [ERROR] Access to fetch at 'https://ad.doubleclick.net/ddm/trackimp/N5295.134426.GOOGLEDISPLAYNETWOR/B32955463.427739719;dc_pre=CL2OmsX6y5IDFRxGwwYdSEkwmw;dc_trk_aid=621078967;dc_trk_cid=232420335;ord=1185883342;dc_lat=;dc_rdid=;tag_for_child_directed_treatment=;tfua=;gdpr=;gdpr_consent=;ltd=;dc_tdv=1;dc_ctype=1?nis=6' (redirected from 'https://ad.doubleclick.net/ddm/trackimp/N5295.134426.GOOGLEDISPLAYNETWOR/B32955463.427739719;dc_trk_aid=621078967;dc_trk_cid=232420335;ord=1185883342;dc_lat=;dc_rdid=;tag_for_child_directed_treatment=;tfua=;gdpr=;gdpr_consent=;ltd=;dc_tdv=1;dc_ctype=1?nis=6') from origin 'https://googleads.g.doubleclick.net' has been blocked by CORS policy: No 'Access-Control-Allow-Origin' header is present on the requested resource. @ https://googleads.g.doubleclick.net/pagead/html/r20260204/r20190131/zrt_lookup_fy2021.html#RS-2-&adk=1314090034&client=ca-pub-6934983186106686&fa=4&ifi=12&uci=a!c&btvi=4:0
[   75699ms] [ERROR] Failed to load resource: net::ERR_FAILED @ https://ad.doubleclick.net/ddm/trackimp/N5295.134426.GOOGLEDISPLAYNETWOR/B32955463.427739719;dc_pre=CL2OmsX6y5IDFRxGwwYdSEkwmw;dc_trk_aid=621078967;dc_trk_cid=232420335;ord=1185883342;dc_lat=;dc_rdid=;tag_for_child_directed_treatment=;tfua=;gdpr=;gdpr_consent=;ltd=;dc_tdv=1;dc_ctype=1?nis=6:0
[   75702ms] TypeError: Failed to fetch
    at ab (https://googleads.g.doubleclick.net/pagead/html/r20260204/r20190131/zrt_lookup_fy2021.html:20:-113104)
    at Fc (https://googleads.g.doubleclick.net/pagead/html/r20260204/r20190131/zrt_lookup_fy2021.html:20:-99362)
    at https://googleads.g.doubleclick.net/pagead/html/r20260204/r20190131/zrt_lookup_fy2021.html:20:-99024
    at https://googleads.g.doubleclick.net/pagead/html/r20260204/r20190131/zrt_lookup_fy2021.html:20:-103347
    at $b (https://googleads.g.doubleclick.net/pagead/html/r20260204/r20190131/zrt_lookup_fy2021.html:20:-103467)
    at Zb (https://googleads.g.doubleclick.net/pagead/html/r20260204/r20190131/zrt_lookup_fy2021.html:20:-103509)
    at https://googleads.g.doubleclick.net/pagead/html/r20260204/r20190131/zrt_lookup_fy2021.html:20:-103399
    at https://googleads.g.doubleclick.net/pagead/html/r20260204/r20190131/zrt_lookup_fy2021.html:20:-103689
    at https://googleads.g.doubleclick.net/pagead/html/r20260204/r20190131/zrt_lookup_fy2021.html:20:-103347
    at $b (https://googleads.g.doubleclick.net/pagead/html/r20260204/r20190131/zrt_lookup_fy2021.html:20:-103467)
[   76334ms] [ERROR] Attestation check for Shared Storage on https://www.googleadservices.com failed. @ https://www.googleadservices.com/pagead/managed/js/activeview/current/reach_worklet.html:0
